-Xajruntimetarget:1.5
-1.8
-encoding
UTF-8
-classpath
/home/user/Development/Test/multi_module_test/mylogger/target/classes:/home/user/Development/Test/multi_module_test/mydatabase/target/classes:/home/user/.m2/repository/org/springframework/spring-webmvc/4.3.10.RELEASE/spring-webmvc-4.3.10.RELEASE.jar:/home/user/.m2/repository/org/springframework/security/spring-security-core/4.2.3.RELEASE/spring-security-core-4.2.3.RELEASE.jar:/home/user/.m2/repository/com/fasterxml/jackson/dataformat/jackson-dataformat-xml/2.7.5/jackson-dataformat-xml-2.7.5.jar:/home/user/.m2/repository/org/aspectj/aspectjrt/1.8.9/aspectjrt-1.8.9.jar:/home/user/.m2/repository/io/jsonwebtoken/jjwt/0.7.0/jjwt-0.7.0.jar:/home/user/.m2/repository/org/springframework/spring-aop/4.3.10.RELEASE/spring-aop-4.3.10.RELEASE.jar:/home/user/.m2/repository/org/aspectj/aspectjweaver/1.8.9/aspectjweaver-1.8.9.jar:/home/user/.m2/repository/javax/inject/javax.inject/1/javax.inject-1.jar:/home/user/Development/Test/multi_module_test/mycommon/target/classes:/home/user/.m2/repository/org/springframework/spring-context/4.3.10.RELEASE/spring-context-4.3.10.RELEASE.jar:/home/user/.m2/repository/org/springframework/spring-jdbc/4.3.10.RELEASE/spring-jdbc-4.3.10.RELEASE.jar:/home/user/.m2/repository/org/springframework/spring-tx/4.3.10.RELEASE/spring-tx-4.3.10.RELEASE.jar:/home/user/.m2/repository/org/springframework/spring-orm/4.3.10.RELEASE/spring-orm-4.3.10.RELEASE.jar:/home/user/.m2/repository/org/hibernate/javax/persistence/hibernate-jpa-2.1-api/1.0.0.Final/hibernate-jpa-2.1-api-1.0.0.Final.jar:/home/user/.m2/repository/org/hibernate/hibernate-jpamodelgen/5.2.10.Final/hibernate-jpamodelgen-5.2.10.Final.jar:/home/user/.m2/repository/org/jboss/logging/jboss-logging/3.3.0.Final/jboss-logging-3.3.0.Final.jar:/home/user/.m2/repository/com/h2database/h2/1.4.196/h2-1.4.196.jar:/home/user/.m2/repository/com/mchange/c3p0/0.9.5.2/c3p0-0.9.5.2.jar:/home/user/.m2/repository/com/mchange/mchange-commons-java/0.2.11/mchange-commons-java-0.2.11.jar:/home/user/.m2/repository/org/springframework/spring-beans/4.3.10.RELEASE/spring-beans-4.3.10.RELEASE.jar:/home/user/.m2/repository/org/springframework/spring-core/4.3.10.RELEASE/spring-core-4.3.10.RELEASE.jar:/home/user/.m2/repository/commons-logging/commons-logging/1.2/commons-logging-1.2.jar:/home/user/.m2/repository/org/springframework/spring-expression/4.3.10.RELEASE/spring-expression-4.3.10.RELEASE.jar:/home/user/.m2/repository/org/springframework/spring-web/4.3.10.RELEASE/spring-web-4.3.10.RELEASE.jar:/home/user/.m2/repository/aopalliance/aopalliance/1.0/aopalliance-1.0.jar:/home/user/.m2/repository/com/fasterxml/jackson/core/jackson-core/2.7.5/jackson-core-2.7.5.jar:/home/user/.m2/repository/com/fasterxml/jackson/core/jackson-annotations/2.7.0/jackson-annotations-2.7.0.jar:/home/user/.m2/repository/com/fasterxml/jackson/core/jackson-databind/2.7.5/jackson-databind-2.7.5.jar:/home/user/.m2/repository/com/fasterxml/jackson/module/jackson-module-jaxb-annotations/2.7.5/jackson-module-jaxb-annotations-2.7.5.jar:/home/user/.m2/repository/org/codehaus/woodstox/stax2-api/3.1.4/stax2-api-3.1.4.jar:/home/user/Development/Test/multi_module_test/mybackend/target/classes
-aspectpath
/home/user/Development/Test/multi_module_test/mylogger/target/classes
-d
/home/user/Development/Test/multi_module_test/mybackend/target/classes
/home/user/Development/Test/multi_module_test/mybackend/src/main/java/com/daniele/mybackend/dto/UserProfileDto.java
/home/user/Development/Test/multi_module_test/mybackend/src/main/java/com/daniele/mybackend/dto/AuthDto.java
/home/user/Development/Test/multi_module_test/mybackend/src/main/java/com/daniele/mybackend/shared/TokenUtils.java
/home/user/Development/Test/multi_module_test/mybackend/src/main/java/com/daniele/mybackend/controller/UserAccountRestController.java
/home/user/Development/Test/multi_module_test/mybackend/src/main/java/com/daniele/mybackend/controller/AuthRestController.java
/home/user/Development/Test/multi_module_test/mybackend/src/main/java/com/daniele/mybackend/controller/LoopbackRestController.java
/home/user/Development/Test/multi_module_test/mybackend/src/main/java/com/daniele/mybackend/service/SecurityService.java
/home/user/Development/Test/multi_module_test/mybackend/src/main/java/com/daniele/mybackend/service/UserProfileService.java
/home/user/Development/Test/multi_module_test/mybackend/src/main/java/com/daniele/mybackend/service/LoginService.java
/home/user/Development/Test/multi_module_test/mybackend/src/main/java/com/daniele/mybackend/service/DummyService.java
/home/user/Development/Test/multi_module_test/mybackend/src/main/java/com/daniele/mybackend/service/impl/LoginServiceImpl.java
/home/user/Development/Test/multi_module_test/mybackend/src/main/java/com/daniele/mybackend/service/impl/BaseEntityServiceImpl.java
/home/user/Development/Test/multi_module_test/mybackend/src/main/java/com/daniele/mybackend/service/impl/SecurityServiceImpl.java
/home/user/Development/Test/multi_module_test/mybackend/src/main/java/com/daniele/mybackend/service/impl/UserProfileServiceImpl.java
/home/user/Development/Test/multi_module_test/mybackend/src/main/java/com/daniele/mybackend/service/impl/DbPopluatorServiceImpl.java
/home/user/Development/Test/multi_module_test/mybackend/src/main/java/com/daniele/mybackend/service/impl/DummyServiceImpl.java
/home/user/Development/Test/multi_module_test/mybackend/src/main/java/com/daniele/mybackend/service/BaseEntityService.java
